<?xml version="1.0" encoding="UTF-8"?>
<!-- Generated by org.testng.reporters.JUnitReportReporter -->
<testsuite hostname="BALAGANESH" failures="0" tests="2" name="TestNG_Files.TestScript" time="23.304" errors="0" timestamp="31 Jul 2019 13:08:13 GMT" skipped="0">
  <testcase classname="TestNG_Files.TestScript" name="Signin" time="18.560"/>
  <testcase classname="TestNG_Files.TestScript" name="Share" time="4.744"/>
</testsuite> <!-- TestNG_Files.TestScript -->
